gyp info it worked if it ends with ok
gyp info using node-gyp@9.0.0
gyp info using node@18.1.0 | darwin | x64
gyp info find Python using Python version 3.8.9 found at "/Library/Developer/CommandLineTools/usr/bin/python3"
gyp info spawn /Library/Developer/CommandLineTools/usr/bin/python3
gyp info spawn args [
gyp info spawn args   '/usr/local/lib/node_modules/npm/node_modules/node-gyp/gyp/gyp_main.py',
gyp info spawn args   'binding.gyp',
gyp info spawn args   '-f',
gyp info spawn args   'make',
gyp info spawn args   '-I',
gyp info spawn args   '/Users/alisaowens/JavaScript30-master/20 - Speech Detection/node_modules/uws/build/config.gypi',
gyp info spawn args   '-I',
gyp info spawn args   '/usr/local/lib/node_modules/npm/node_modules/node-gyp/addon.gypi',
gyp info spawn args   '-I',
gyp info spawn args   '/Users/alisaowens/Library/Caches/node-gyp/18.1.0/include/node/common.gypi',
gyp info spawn args   '-Dlibrary=shared_library',
gyp info spawn args   '-Dvisibility=default',
gyp info spawn args   '-Dnode_root_dir=/Users/alisaowens/Library/Caches/node-gyp/18.1.0',
gyp info spawn args   '-Dnode_gyp_dir=/usr/local/lib/node_modules/npm/node_modules/node-gyp',
gyp info spawn args   '-Dnode_lib_file=/Users/alisaowens/Library/Caches/node-gyp/18.1.0/<(target_arch)/node.lib',
gyp info spawn args   '-Dmodule_root_dir=/Users/alisaowens/JavaScript30-master/20 - Speech Detection/node_modules/uws',
gyp info spawn args   '-Dnode_engine=v8',
gyp info spawn args   '--depth=.',
gyp info spawn args   '--no-parallel',
gyp info spawn args   '--generator-output',
gyp info spawn args   'build',
gyp info spawn args   '-Goutput_dir=.'
gyp info spawn args ]
gyp info spawn make
gyp info spawn args [ 'BUILDTYPE=Release', '-C', 'build' ]
  CXX(target) Release/obj.target/uws/src/Extensions.o
  CXX(target) Release/obj.target/uws/src/Group.o
In file included from ../src/Group.cpp:1:
In file included from ../src/Group.h:4:
In file included from ../src/WebSocket.h:4:
In file included from ../src/WebSocketProtocol.h:5:
In file included from ../src/Networking.h:7:
In file included from /Users/alisaowens/Library/Caches/node-gyp/18.1.0/include/node/openssl/opensslv.h:4:
In file included from /Users/alisaowens/Library/Caches/node-gyp/18.1.0/include/node/openssl/./opensslv_asm.h:19:
In file included from /Users/alisaowens/Library/Caches/node-gyp/18.1.0/include/node/openssl/./archs/darwin64-x86_64-cc/asm/include/openssl/opensslv.h:109:
In file included from /Users/alisaowens/Library/Caches/node-gyp/18.1.0/include/node/openssl/macros.h:14:
In file included from /Users/alisaowens/Library/Caches/node-gyp/18.1.0/include/node/openssl/opensslconf.h:9:
/Users/alisaowens/Library/Caches/node-gyp/18.1.0/include/node/openssl/./opensslconf_asm.h:105:11: fatal error: './archs/darwin64-x86_64-cc/asm/include/openssl/opensslconf.h' file not found
# include "./archs/darwin64-x86_64-cc/asm/include/openssl/opensslconf.h"
          ^~~~~~~~~~~~~~~~~~~~~~~~~~~~~~~~~~~~~~~~~~~~~~~~~~~~~~~~~~~~~~
1 error generated.
make: *** [Release/obj.target/uws/src/Group.o] Error 1
gyp ERR! build error 
gyp ERR! stack Error: `make` failed with exit code: 2
gyp ERR! stack     at ChildProcess.onExit (/usr/local/lib/node_modules/npm/node_modules/node-gyp/lib/build.js:194:23)
gyp ERR! stack     at ChildProcess.emit (node:events:527:28)
gyp ERR! stack     at ChildProcess._handle.onexit (node:internal/child_process:291:12)
gyp ERR! System Darwin 20.6.0
gyp ERR! command "/usr/local/bin/node" "/usr/local/lib/node_modules/npm/node_modules/node-gyp/bin/node-gyp.js" "rebuild"
gyp ERR! cwd /Users/alisaowens/JavaScript30-master/20 - Speech Detection/node_modules/uws
gyp ERR! node -v v18.1.0
gyp ERR! node-gyp -v v9.0.0
gyp ERR! not ok 
